2026-04-25 08:36:28,238 level=INFO app=myapp component=database Information: Application running normally
2026-04-25 08:36:29,239 level=WARNING app=myapp component=database Warning: Resource usage high
2026-04-25 08:36:30,240 level=ERROR app=myapp component=database Critical error: Database connection lost
2026-04-25 08:36:31,240 level=INFO app=myapp component=backend Information: Application running normally
2026-04-25 08:36:32,241 level=WARNING app=myapp component=database Warning: Resource usage high
2026-04-25 08:36:33,242 level=ERROR app=myapp component=backend Critical error: Database connection lost
2026-04-25 08:36:34,251 level=INFO app=myapp component=backend Information: Application running normally
2026-04-25 08:36:35,252 level=WARNING app=myapp component=database Warning: Resource usage high
2026-04-25 08:36:36,253 level=ERROR app=myapp component=database Critical error: Database connection lost
2026-04-25 08:36:37,254 level=INFO app=myapp component=backend Information: Application running normally
2026-04-25 08:38:36,756 level=INFO app=myapp component=backend Information: Application running normally
2026-04-25 08:38:37,756 level=WARNING app=myapp component=database Warning: Resource usage high
2026-04-25 08:38:38,757 level=ERROR app=myapp component=backend Critical error: Database connection lost
2026-04-25 08:38:39,757 level=INFO app=myapp component=backend Information: Application running normally
2026-04-25 08:38:40,758 level=WARNING app=myapp component=backend Warning: Resource usage high
2026-04-25 08:38:41,758 level=ERROR app=myapp component=backend Critical error: Database connection lost
2026-04-25 08:38:42,759 level=INFO app=myapp component=backend Information: Application running normally
2026-04-25 08:38:43,759 level=WARNING app=myapp component=backend Warning: Resource usage high
2026-04-25 08:38:44,760 level=ERROR app=myapp component=database Critical error: Database connection lost
2026-04-25 08:38:45,761 level=INFO app=myapp component=backend Information: Application running normally
2026-04-25 08:38:52,784 level=INFO app=myapp component=database Information: Application running normally
2026-04-25 08:38:53,784 level=WARNING app=myapp component=backend Warning: Resource usage high
2026-04-25 08:38:54,785 level=ERROR app=myapp component=database Critical error: Database connection lost
2026-04-25 08:38:55,786 level=INFO app=myapp component=database Information: Application running normally
2026-04-25 08:38:56,787 level=WARNING app=myapp component=backend Warning: Resource usage high
2026-04-25 08:38:57,788 level=ERROR app=myapp component=database Critical error: Database connection lost
2026-04-25 08:38:58,788 level=INFO app=myapp component=database Information: Application running normally
2026-04-25 08:38:59,789 level=WARNING app=myapp component=backend Warning: Resource usage high
2026-04-25 08:39:00,790 level=ERROR app=myapp component=database Critical error: Database connection lost
2026-04-25 08:39:01,790 level=INFO app=myapp component=backend Information: Application running normally
